e:\amir desktop\учеба\лабы баталов\laba21\laba21\debug\laba21.pch
e:\amir desktop\учеба\лабы баталов\laba21\laba21\debug\vc141.pdb
e:\amir desktop\учеба\лабы баталов\laba21\laba21\debug\vc141.idb
e:\amir desktop\учеба\лабы баталов\laba21\laba21\debug\pch.obj
e:\amir desktop\учеба\лабы баталов\laba21\laba21\debug\laba21.obj
c:\users\bulyn\desktop\spbct_bulyninma\laba21\laba21\debug\laba21.pch
c:\users\bulyn\desktop\spbct_bulyninma\laba21\laba21\debug\vc142.pdb
c:\users\bulyn\desktop\spbct_bulyninma\laba21\laba21\debug\vc142.idb
c:\users\bulyn\desktop\spbct_bulyninma\laba21\laba21\debug\pch.obj
c:\users\bulyn\desktop\spbct_bulyninma\laba21\laba21\debug\laba21.obj
e:\amir desktop\учеба\лабы баталов\laba21\debug\laba21.ilk
e:\amir desktop\учеба\лабы баталов\laba21\debug\laba21.exe
e:\amir desktop\учеба\лабы баталов\laba21\debug\laba21.pdb
c:\users\bulyn\desktop\spbct_bulyninma\laba21\debug\laba21.ilk
c:\users\bulyn\desktop\spbct_bulyninma\laba21\debug\laba21.exe
c:\users\bulyn\desktop\spbct_bulyninma\laba21\debug\laba21.pdb
c:\users\lana\source\repos\laba21\laba21\debug\laba21.obj
c:\users\lana\source\repos\laba21\laba21\debug\pch.obj
c:\users\lana\source\repos\laba21\laba21\debug\laba21.pch
c:\users\lana\source\repos\laba21\laba21\debug\vc141.idb
c:\users\lana\source\repos\laba21\laba21\debug\vc142.idb
c:\users\lana\source\repos\laba21\laba21\debug\vc141.pdb
c:\users\lana\source\repos\laba21\laba21\debug\vc142.pdb
c:\users\lana\source\repos\laba21\debug\laba21.pdb
c:\users\lana\source\repos\laba21\debug\laba21.exe
c:\users\lana\source\repos\laba21\debug\laba21.ilk
c:\users\lana\source\repos\laba21\laba21\debug\laba21.tlog\cl.command.1.tlog
c:\users\lana\source\repos\laba21\laba21\debug\laba21.tlog\cl.read.1.tlog
c:\users\lana\source\repos\laba21\laba21\debug\laba21.tlog\cl.write.1.tlog
c:\users\lana\source\repos\laba21\laba21\debug\laba21.tlog\link.command.1.tlog
c:\users\lana\source\repos\laba21\laba21\debug\laba21.tlog\link.read.1.tlog
c:\users\lana\source\repos\laba21\laba21\debug\laba21.tlog\link.write.1.tlog
